{"numTotalTestSuites":7,"numPassedTestSuites":2,"numFailedTestSuites":5,"numPendingTestSuites":0,"numTotalTests":20,"numPassedTests":16,"numFailedTests":4,"numPendingTests":0,"numTodoTests":0,"snapshot":{"added":0,"failure":false,"filesAdded":0,"filesRemoved":0,"filesRemovedList":[],"filesUnmatched":0,"filesUpdated":0,"matched":0,"total":0,"unchecked":0,"uncheckedKeysByFile":[],"unmatched":0,"updated":0,"didUpdate":false},"startTime":1768821696933,"success":false,"testResults":[{"assertionResults":[{"ancestorTitles":["Permissions - getBasePermission Function","ADMIN Role"],"fullName":"Permissions - getBasePermission Function ADMIN Role should have FULL permissions on ALL resources and actions","status":"passed","title":"should have FULL permissions on ALL resources and actions","duration":3.3467000000000553,"failureMessages":[],"meta":{}},{"ancestorTitles":["Permissions - getBasePermission Function","ADMIN Role"],"fullName":"Permissions - getBasePermission Function ADMIN Role should grant 55 total permissions (11 resources × 5 actions)","status":"passed","title":"should grant 55 total permissions (11 resources × 5 actions)","duration":0.23469999999997526,"failureMessages":[],"meta":{}},{"ancestorTitles":["Permissions - getBasePermission Function","MANAGER Role"],"fullName":"Permissions - getBasePermission Function MANAGER Role should have limited user permissions (read only)","status":"passed","title":"should have limited user permissions (read only)","duration":0.5127999999999702,"failureMessages":[],"meta":{}},{"ancestorTitles":["Permissions - getBasePermission Function","MANAGER Role"],"fullName":"Permissions - getBasePermission Function MANAGER Role should have full project permissions except delete","status":"passed","title":"should have full project permissions except delete","duration":0.2746999999999389,"failureMessages":[],"meta":{}},{"ancestorTitles":["Permissions - getBasePermission Function","MANAGER Role"],"fullName":"Permissions - getBasePermission Function MANAGER Role should have 'own' restriction on timeentries delete","status":"passed","title":"should have 'own' restriction on timeentries delete","duration":0.12619999999992615,"failureMessages":[],"meta":{}},{"ancestorTitles":["Permissions - getBasePermission Function","MANAGER Role"],"fullName":"Permissions - getBasePermission Function MANAGER Role should have 'own' restriction on expenses update/delete","status":"passed","title":"should have 'own' restriction on expenses update/delete","duration":0.14670000000000982,"failureMessages":[],"meta":{}},{"ancestorTitles":["Permissions - getBasePermission Function","MANAGER Role"],"fullName":"Permissions - getBasePermission Function MANAGER Role should have invoice permissions except delete","status":"passed","title":"should have invoice permissions except delete","duration":0.2198999999999387,"failureMessages":[],"meta":{}},{"ancestorTitles":["Permissions - getBasePermission Function","MANAGER Role"],"fullName":"Permissions - getBasePermission Function MANAGER Role should have analytics read-only access","status":"passed","title":"should have analytics read-only access","duration":0.20250000000010004,"failureMessages":[],"meta":{}},{"ancestorTitles":["Permissions - getBasePermission Function","WORKER Role"],"fullName":"Permissions - getBasePermission Function WORKER Role should have NO user permissions","status":"failed","title":"should have NO user permissions","duration":10.831299999999942,"failureMessages":["AssertionError: expected 'own' to be false // Object.is equality\n    at C:/Users/MEP/Desktop/platform424/MepTest-main/tests/permissions.test.ts:112:68\n    at file:///C:/Users/MEP/Desktop/platform424/MepTest-main/node_modules/@vitest/runner/dist/index.js:145:11\n    at file:///C:/Users/MEP/Desktop/platform424/MepTest-main/node_modules/@vitest/runner/dist/index.js:915:26\n    at file:///C:/Users/MEP/Desktop/platform424/MepTest-main/node_modules/@vitest/runner/dist/index.js:1243:20\n    at new Promise (<anonymous>)\n    at runWithTimeout (file:///C:/Users/MEP/Desktop/platform424/MepTest-main/node_modules/@vitest/runner/dist/index.js:1209:10)\n    at file:///C:/Users/MEP/Desktop/platform424/MepTest-main/node_modules/@vitest/runner/dist/index.js:1653:37\n    at Traces.$ (file:///C:/Users/MEP/Desktop/platform424/MepTest-main/node_modules/vitest/dist/chunks/traces.U4xDYhzZ.js:115:27)\n    at trace (file:///C:/Users/MEP/Desktop/platform424/MepTest-main/node_modules/vitest/dist/chunks/test.B8ej_ZHS.js:239:21)\n    at runTest (file:///C:/Users/MEP/Desktop/platform424/MepTest-main/node_modules/@vitest/runner/dist/index.js:1653:12)"],"meta":{}},{"ancestorTitles":["Permissions - getBasePermission Function","WORKER Role"],"fullName":"Permissions - getBasePermission Function WORKER Role should have read-only access to projects and clients","status":"passed","title":"should have read-only access to projects and clients","duration":0.39600000000007185,"failureMessages":[],"meta":{}},{"ancestorTitles":["Permissions - getBasePermission Function","WORKER Role"],"fullName":"Permissions - getBasePermission Function WORKER Role should have 'own' restriction on leads update","status":"failed","title":"should have 'own' restriction on leads update","duration":1.156500000000051,"failureMessages":["AssertionError: expected 'own' to be true // Object.is equality\n    at C:/Users/MEP/Desktop/platform424/MepTest-main/tests/permissions.test.ts:126:66\n    at file:///C:/Users/MEP/Desktop/platform424/MepTest-main/node_modules/@vitest/runner/dist/index.js:145:11\n    at file:///C:/Users/MEP/Desktop/platform424/MepTest-main/node_modules/@vitest/runner/dist/index.js:915:26\n    at file:///C:/Users/MEP/Desktop/platform424/MepTest-main/node_modules/@vitest/runner/dist/index.js:1243:20\n    at new Promise (<anonymous>)\n    at runWithTimeout (file:///C:/Users/MEP/Desktop/platform424/MepTest-main/node_modules/@vitest/runner/dist/index.js:1209:10)\n    at file:///C:/Users/MEP/Desktop/platform424/MepTest-main/node_modules/@vitest/runner/dist/index.js:1653:37\n    at Traces.$ (file:///C:/Users/MEP/Desktop/platform424/MepTest-main/node_modules/vitest/dist/chunks/traces.U4xDYhzZ.js:115:27)\n    at trace (file:///C:/Users/MEP/Desktop/platform424/MepTest-main/node_modules/vitest/dist/chunks/test.B8ej_ZHS.js:239:21)\n    at runTest (file:///C:/Users/MEP/Desktop/platform424/MepTest-main/node_modules/@vitest/runner/dist/index.js:1653:12)"],"meta":{}},{"ancestorTitles":["Permissions - getBasePermission Function","WORKER Role"],"fullName":"Permissions - getBasePermission Function WORKER Role should have 'own' restriction on tasks","status":"failed","title":"should have 'own' restriction on tasks","duration":3.5629000000000133,"failureMessages":["AssertionError: expected false to be true // Object.is equality\n    at C:/Users/MEP/Desktop/platform424/MepTest-main/tests/permissions.test.ts:132:68\n    at file:///C:/Users/MEP/Desktop/platform424/MepTest-main/node_modules/@vitest/runner/dist/index.js:145:11\n    at file:///C:/Users/MEP/Desktop/platform424/MepTest-main/node_modules/@vitest/runner/dist/index.js:915:26\n    at file:///C:/Users/MEP/Desktop/platform424/MepTest-main/node_modules/@vitest/runner/dist/index.js:1243:20\n    at new Promise (<anonymous>)\n    at runWithTimeout (file:///C:/Users/MEP/Desktop/platform424/MepTest-main/node_modules/@vitest/runner/dist/index.js:1209:10)\n    at file:///C:/Users/MEP/Desktop/platform424/MepTest-main/node_modules/@vitest/runner/dist/index.js:1653:37\n    at Traces.$ (file:///C:/Users/MEP/Desktop/platform424/MepTest-main/node_modules/vitest/dist/chunks/traces.U4xDYhzZ.js:115:27)\n    at trace (file:///C:/Users/MEP/Desktop/platform424/MepTest-main/node_modules/vitest/dist/chunks/test.B8ej_ZHS.js:239:21)\n    at runTest (file:///C:/Users/MEP/Desktop/platform424/MepTest-main/node_modules/@vitest/runner/dist/index.js:1653:12)"],"meta":{}},{"ancestorTitles":["Permissions - getBasePermission Function","WORKER Role"],"fullName":"Permissions - getBasePermission Function WORKER Role should have 'own' restriction on ALL timeentries actions","status":"passed","title":"should have 'own' restriction on ALL timeentries actions","duration":0.5089000000000397,"failureMessages":[],"meta":{}},{"ancestorTitles":["Permissions - getBasePermission Function","WORKER Role"],"fullName":"Permissions - getBasePermission Function WORKER Role should have 'own' restriction on expenses","status":"passed","title":"should have 'own' restriction on expenses","duration":0.8097000000000207,"failureMessages":[],"meta":{}},{"ancestorTitles":["Permissions - getBasePermission Function","WORKER Role"],"fullName":"Permissions - getBasePermission Function WORKER Role should have NO invoice permissions","status":"passed","title":"should have NO invoice permissions","duration":0.5695999999999231,"failureMessages":[],"meta":{}},{"ancestorTitles":["Permissions - getBasePermission Function","WORKER Role"],"fullName":"Permissions - getBasePermission Function WORKER Role should have NO analytics permissions","status":"passed","title":"should have NO analytics permissions","duration":1.3955999999999449,"failureMessages":[],"meta":{}},{"ancestorTitles":["Permissions - getBasePermission Function","WORKER Role"],"fullName":"Permissions - getBasePermission Function WORKER Role should have approve:false on ALL resources","status":"passed","title":"should have approve:false on ALL resources","duration":0.755800000000022,"failureMessages":[],"meta":{}},{"ancestorTitles":["Permissions - Permission Summary by Role"],"fullName":"Permissions - Permission Summary by Role ADMIN should have most total permissions","status":"passed","title":"ADMIN should have most total permissions","duration":0.3897999999999229,"failureMessages":[],"meta":{}},{"ancestorTitles":["Permissions - Permission Summary by Role"],"fullName":"Permissions - Permission Summary by Role MANAGER should have moderate permissions","status":"failed","title":"MANAGER should have moderate permissions","duration":1.3928999999999405,"failureMessages":["AssertionError: expected 20 to be greater than 20\n    at C:/Users/MEP/Desktop/platform424/MepTest-main/tests/permissions.test.ts:224:23\n    at file:///C:/Users/MEP/Desktop/platform424/MepTest-main/node_modules/@vitest/runner/dist/index.js:145:11\n    at file:///C:/Users/MEP/Desktop/platform424/MepTest-main/node_modules/@vitest/runner/dist/index.js:915:26\n    at file:///C:/Users/MEP/Desktop/platform424/MepTest-main/node_modules/@vitest/runner/dist/index.js:1243:20\n    at new Promise (<anonymous>)\n    at runWithTimeout (file:///C:/Users/MEP/Desktop/platform424/MepTest-main/node_modules/@vitest/runner/dist/index.js:1209:10)\n    at file:///C:/Users/MEP/Desktop/platform424/MepTest-main/node_modules/@vitest/runner/dist/index.js:1653:37\n    at Traces.$ (file:///C:/Users/MEP/Desktop/platform424/MepTest-main/node_modules/vitest/dist/chunks/traces.U4xDYhzZ.js:115:27)\n    at trace (file:///C:/Users/MEP/Desktop/platform424/MepTest-main/node_modules/vitest/dist/chunks/test.B8ej_ZHS.js:239:21)\n    at runTest (file:///C:/Users/MEP/Desktop/platform424/MepTest-main/node_modules/@vitest/runner/dist/index.js:1653:12)"],"meta":{}},{"ancestorTitles":["Permissions - Permission Summary by Role"],"fullName":"Permissions - Permission Summary by Role WORKER should have limited permissions (~15-20)","status":"passed","title":"WORKER should have limited permissions (~15-20)","duration":0.5982999999999947,"failureMessages":[],"meta":{}}],"startTime":1768821697711,"endTime":1768821697740.5984,"status":"failed","message":"","name":"C:/Users/MEP/Desktop/platform424/MepTest-main/tests/permissions.test.ts"}]}